d:\lugoo\arxproject4\arxproject4\x64\debug\arxproject4.lib
d:\lugoo\arxproject4\arxproject4\x64\debug\arxproject4.exp
d:\lugoo\arxproject4\arxproject4\x64\debug\arxproject4.pch
d:\lugoo\arxproject4\arxproject4\x64\debug\vc141.pdb
d:\lugoo\arxproject4\arxproject4\x64\debug\stdafx.obj
d:\lugoo\arxproject4\arxproject4\x64\debug\docdata.obj
d:\lugoo\arxproject4\arxproject4\x64\debug\arxproject4.obj
d:\lugoo\arxproject4\x64\debug\arxproject4.arx
d:\lugoo\arxproject4\x64\debug\arxproject4.pdb
d:\lugoo\arxproject4\arxproject4\x64\debug\arxproject4.res
d:\lugoo\arxproject4\arxproject4\x64\debug\arxproject4.vcxprojassemblyreference.cache
d:\lugoo\arxproject4\arxproject4\x64\debug\arxproject4.tlog\arxproject4.write.1u.tlog
d:\lugoo\arxproject4\arxproject4\x64\debug\arxproject4.tlog\cl.command.1.tlog
d:\lugoo\arxproject4\arxproject4\x64\debug\arxproject4.tlog\cl.read.1.tlog
d:\lugoo\arxproject4\arxproject4\x64\debug\arxproject4.tlog\cl.write.1.tlog
d:\lugoo\arxproject4\arxproject4\x64\debug\arxproject4.tlog\link.command.1.tlog
d:\lugoo\arxproject4\arxproject4\x64\debug\arxproject4.tlog\link.read.1.tlog
d:\lugoo\arxproject4\arxproject4\x64\debug\arxproject4.tlog\link.write.1.tlog
d:\lugoo\arxproject4\arxproject4\x64\debug\arxproject4.tlog\rc.command.1.tlog
d:\lugoo\arxproject4\arxproject4\x64\debug\arxproject4.tlog\rc.read.1.tlog
d:\lugoo\arxproject4\arxproject4\x64\debug\arxproject4.tlog\rc.write.1.tlog
